<?xml version="1.0" encoding="UTF-8"?>
<testsuite xmlns:xsi="http://www.w3.org/2001/XMLSchema-instance" xsi:noNamespaceSchemaLocation="https://maven.apache.org/surefire/maven-surefire-plugin/xsd/surefire-test-report-3.0.xsd" version="3.0" name="cucumberRunnerTest" time="22.149" tests="1" errors="0" skipped="0" failures="0">
  <properties>
[...]
</properties>
  <testcase name="Test Case 1" classname="Low Blood Pressure #2" time="17.259">
    <system-out><![CDATA[
@bpTest @test1
Scenario: Test Case 1                                                                     # src/test/resources/bloodPressureCalculatorTest1.feature:4
  Given user goes to the "Blood Pressure" application                                     # com.FeatureStepDefs.stepDefs.user_goes_to_the_application(java.lang.String)
  When user enters "70" in the Systolic field on the 'Blood Pressure' calculator page     # com.FeatureStepDefs.stepDefs.user_enters_in_the_systolic_field_on_the_calculator_page(java.lang.String,java.lang.String)
  When user enters "40" in the Diastolic field on the 'Blood Pressure' calculator page    # com.FeatureStepDefs.stepDefs.user_enters_in_the_diastolic_field_on_the_calculator_page(java.lang.String,java.lang.String)
  When user enters "40" in the Age field on the 'Blood Pressure' calculator page          # com.FeatureStepDefs.stepDefs.user_enters_in_the_age_field_on_the_calculator_page(java.lang.String,java.lang.String)
  Then user clicks on the submit button on the 'Blood Pressure' calculator page           # com.FeatureStepDefs.stepDefs.user_clicks_on_the_submit_button_on_the_calculator_page(java.lang.String)
  Then "Low Blood Pressure" results are displayed on the 'Blood Pressure' calculator page # com.FeatureStepDefs.stepDefs.results_are_displayed_on_the_calculator_page(java.lang.String,java.lang.String)
]]></system-out>
    <system-err><![CDATA[[main] INFO io.github.bonigarcia.wdm.WebDriverManager - Using chromedriver 106.0.5249.61 (resolved driver for Chrome 106)
[main] INFO io.github.bonigarcia.wdm.WebDriverManager - Exporting webdriver.chrome.driver as /home/jgunter/.cache/selenium/chromedriver/linux64/106.0.5249.61/chromedriver
Starting ChromeDriver 106.0.5249.61 (511755355844955cd3e264779baf0dd38212a4d0-refs/branch-heads/5249@{#569}) on port 53937
Only local connections are allowed.
Please see https://chromedriver.chromium.org/security-considerations for suggestions on keeping ChromeDriver safe.
ChromeDriver was started successfully.
Oct 23, 2022 5:00:58 P.M. org.openqa.selenium.remote.ProtocolHandshake createSession
INFO: Detected upstream dialect: W3C
Oct 23, 2022 5:00:58 P.M. org.openqa.selenium.devtools.CdpVersionFinder findNearestMatch
WARNING: Unable to find an exact match for CDP version 106, so returning the closest version found: 103
Oct 23, 2022 5:00:58 P.M. org.openqa.selenium.devtools.CdpVersionFinder findNearestMatch
INFO: Found CDP implementation for version 106 of 103
[main] WARN com.epam.healenium.processor.FindElementProcessor - Failed to find an element using locator By.cssSelector: input[value='Submit']
Reason: no such element: Unable to locate element: {"method":"css selector","selector":"input[value='Submit']"}
  (Session info: chrome=106.0.5249.119)
For documentation on this error, please visit: https://selenium.dev/exceptions/#no_such_element
Build info: version: '4.3.0', revision: 'a4995e2c09*'
System info: host: 'jgunter-VirtualBox', ip: '127.0.1.1', os.name: 'Linux', os.arch: 'amd64', os.version: '5.15.0-52-generic', java.version: '18.0.2'
Driver info: org.openqa.selenium.chrome.ChromeDriver
Command: [e5e63240da5a6958dc10aed3c794f43b, findElement {using=css selector, value=input[value='Submit']}]
Capabilities {acceptInsecureCerts: false, browserName: chrome, browserVersion: 106.0.5249.119, chrome: {chromedriverVersion: 106.0.5249.61 (511755355844..., userDataDir: /tmp/.com.google.Chrome.2lqdwb}, goog:chromeOptions: {debuggerAddress: localhost:43299}, networkConnectionEnabled: false, pageLoadStrategy: normal, platformName: LINUX, proxy: Proxy(), se:cdp: ws://localhost:43299/devtoo..., se:cdpVersion: 106.0.5249.119, setWindowRect: true, strictFileInteractability: false, timeouts: {implicit: 0, pageLoad: 300000, script: 30000}, unhandledPromptBehavior: dismiss and notify, webauthn:extension:credBlob: true, webauthn:extension:largeBlob: true, webauthn:virtualAuthenticators: true}
Session ID: e5e63240da5a6958dc10aed3c794f43b
Trying to heal...
[main] WARN com.epam.healenium.processor.SaveHealingResultsProcessor - Using healed locator: Scored(score=0.9938775510204081, value=By.cssSelector: input[value='Submits'])
]]></system-err>
  </testcase>
</testsuite>